<?xml version="1.0" encoding="UTF-8"?>
<!-- Generated by org.testng.reporters.JUnitReportReporter -->
<testsuite name="com.BingTranslationAuto.BingAutomation.AppTest" tests="3" time="1.844" ignored="0" failures="0" timestamp="27 Jun 2018 06:43:39 GMT" skipped="0" hostname="HPDA0192" errors="0">
  <testcase name="sendText" time="1.557" classname="com.BingTranslationAuto.BingAutomation.AppTest"/>
  <testcase name="InputDrop" time="0.173" classname="com.BingTranslationAuto.BingAutomation.AppTest"/>
  <testcase name="OutputDrop" time="0.114" classname="com.BingTranslationAuto.BingAutomation.AppTest"/>
</testsuite> <!-- com.BingTranslationAuto.BingAutomation.AppTest -->
